<?xml version="1.0" encoding="UTF-8"?>
<!-- Generated by org.testng.reporters.JUnitReportReporter -->
<testsuite hostname="DESKTOP-DOF16SV" failures="0" tests="1" name="testCases.TC_001_AccountRegistration" time="6.776" errors="0" timestamp="2022-07-15T11:34:06 EDT" skipped="0">
  <testcase classname="testCases.TC_001_AccountRegistration" name="test_account_registration" time="6.776"/>
  <system-out/>
</testsuite> <!-- testCases.TC_001_AccountRegistration -->
