<?xml version="1.0" encoding="UTF-8"?>
<!-- Generated by org.testng.reporters.JUnitReportReporter -->
<testsuite skipped="0" hostname="DESKTOP-DOF16SV" name="testCases.TC_002_Login" tests="1" failures="0" timestamp="2022-07-15T13:29:59 EDT" time="2.918" errors="0">
  <testcase name="test_login" time="2.918" classname="testCases.TC_002_Login"/>
  <system-out/>
</testsuite> <!-- testCases.TC_002_Login -->
